<?xml version="1.0" encoding="UTF-8"?>
<!-- Generated by org.testng.reporters.JUnitReportReporter -->
<testsuite hostname="DESKTOP-BP0PLMU" failures="0" tests="1" name="com.edu.SMS.TeacherModuleTest.VerifyingTheDataFlowBetweenTeacherAndTimeTableTest" time="45.392" errors="0" timestamp="2023-05-31T13:32:57 IST" skipped="0">
  <testcase classname="com.edu.SMS.TeacherModuleTest.VerifyingTheDataFlowBetweenTeacherAndTimeTableTest" name="createSubjectRouting" time="45.392"/>
  <system-out>
    <![CDATA[Teacher created successfully
grade created successfully
subject created successfully
subject routing added successfully
class room created successfully
Teacher added successfully]]>
  </system-out>
</testsuite> <!-- com.edu.SMS.TeacherModuleTest.VerifyingTheDataFlowBetweenTeacherAndTimeTableTest -->
