<?xml version="1.0" encoding="UTF-8"?>
<!-- Generated by org.testng.reporters.JUnitReportReporter -->
<testsuite hostname="DESKTOP-BP0PLMU" failures="0" tests="2" name="com.edu.SMS.TimeTableModule.DataFlowOfTimeTableFromAdminToTeacherTest" time="43.498" errors="0" timestamp="2023-05-25T17:10:22 IST" skipped="0">
  <testcase classname="com.edu.SMS.TimeTableModule.DataFlowOfTimeTableFromAdminToTeacherTest" name="createTimeTable" time="39.571"/>
  <system-out/>
  <testcase classname="com.edu.SMS.TimeTableModule.DataFlowOfTimeTableFromAdminToTeacherTest" name="verifyTimetableInTeacherModule" time="3.927"/>
  <system-out/>
</testsuite> <!-- com.edu.SMS.TimeTableModule.DataFlowOfTimeTableFromAdminToTeacherTest -->
