<?xml version="1.0" encoding="UTF-8"?>
<!-- Generated by org.testng.reporters.JUnitReportReporter -->
<testsuite hostname="DESKTOP-BP0PLMU" failures="0" tests="1" name="kalpanaMam.Amazon" time="106.853" errors="0" timestamp="2023-07-04T19:51:34 IST" skipped="0">
  <testcase classname="kalpanaMam.Amazon" name="getIphonePrices" time="106.853"/>
  <system-out/>
</testsuite> <!-- kalpanaMam.Amazon -->
