<?xml version="1.0" encoding="UTF-8"?>
<!-- Generated by org.testng.reporters.JUnitReportReporter -->
<testsuite hostname="DESKTOP-BP0PLMU" failures="0" tests="1" name="screening.AddToCart" time="28.399" errors="0" timestamp="2023-07-13T17:34:18 IST" skipped="0">
  <testcase classname="screening.AddToCart" name="addTocart" time="28.399"/>
  <system-out/>
</testsuite> <!-- screening.AddToCart -->
