<?xml version="1.0" encoding="UTF-8"?>
<!-- Generated by org.testng.reporters.JUnitReportReporter -->
<testsuite hostname="DESKTOP-BP0PLMU" failures="0" tests="1" name="screening.ReadDataFromExcel" time="0.990" errors="0" timestamp="2023-07-13T15:51:28 IST" skipped="0">
  <testcase classname="screening.ReadDataFromExcel" name="readDataFromExcel" time="0.990"/>
  <system-out/>
</testsuite> <!-- screening.ReadDataFromExcel -->
