<?xml version="1.0" encoding="UTF-8"?>
<!-- Generated by org.testng.reporters.JUnitReportReporter -->
<testsuite hostname="DESKTOP-BP0PLMU" failures="0" tests="3" name="com.edu.SMS.PettyCashModule.DataFlowOfPettyCashFromTeacherLoginToAdminLoginTest" time="29.277" errors="0" timestamp="2023-05-25T15:12:07 IST" skipped="0">
  <testcase classname="com.edu.SMS.PettyCashModule.DataFlowOfPettyCashFromTeacherLoginToAdminLoginTest" name="CreateTeacher" time="12.364"/>
  <system-out/>
  <testcase classname="com.edu.SMS.PettyCashModule.DataFlowOfPettyCashFromTeacherLoginToAdminLoginTest" name="createPettyCash" time="12.036"/>
  <system-out/>
  <testcase classname="com.edu.SMS.PettyCashModule.DataFlowOfPettyCashFromTeacherLoginToAdminLoginTest" name="verifyPettyCashDisplayedInAdminLogin1" time="4.877"/>
  <system-out/>
</testsuite> <!-- com.edu.SMS.PettyCashModule.DataFlowOfPettyCashFromTeacherLoginToAdminLoginTest -->
