<?xml version="1.0" encoding="UTF-8"?>
<!-- Generated by org.testng.reporters.JUnitReportReporter -->
<testsuite hostname="DESKTOP-BP0PLMU" failures="0" tests="1" name="kalpanaMam.Flipkart" time="20.689" errors="0" timestamp="2023-07-04T14:42:05 IST" skipped="0">
  <testcase classname="kalpanaMam.Flipkart" name="clickOnSamsungS20" time="20.689"/>
  <system-out/>
</testsuite> <!-- kalpanaMam.Flipkart -->
