<?xml version="1.0" encoding="UTF-8"?>
<!-- Generated by org.testng.reporters.JUnitReportReporter -->
<testsuite hostname="DESKTOP-BP0PLMU" failures="0" tests="3" name="dataProviderPractice.DataProviderSample" time="0.010" errors="0" timestamp="2023-05-31T08:14:38 IST" skipped="0">
  <testcase classname="dataProviderPractice.DataProviderSample" name="getDatafrom3x2" time="0.001"/>
  <system-out/>
  <testcase classname="dataProviderPractice.DataProviderSample" name="getDatafrom3x2" time="0.001"/>
  <system-out/>
  <testcase classname="dataProviderPractice.DataProviderSample" name="getDatafrom3x2" time="0.008"/>
  <system-out/>
</testsuite> <!-- dataProviderPractice.DataProviderSample -->
