<?xml version="1.0" encoding="UTF-8"?>
<!-- Generated by org.testng.reporters.JUnitReportReporter -->
<testsuite hostname="DESKTOP-BP0PLMU" failures="0" tests="1" name="practice.ReadDataFromExcelWithHashMapGiveItToDataProvider" time="0.000" errors="0" timestamp="2023-06-22T17:57:16 IST" skipped="1">
  <testcase classname="practice.ReadDataFromExcelWithHashMapGiveItToDataProvider" name="displayData" time="0.000">
    <skipped/>
  </testcase> <!-- displayData -->
  <system-out/>
</testsuite> <!-- practice.ReadDataFromExcelWithHashMapGiveItToDataProvider -->
