<?xml version="1.0" encoding="UTF-8"?>
<!-- Generated by org.testng.reporters.JUnitReportReporter -->
<testsuite hostname="DESKTOP-BP0PLMU" failures="0" tests="1" name="com.edu.SMS.TeacherModule.VerifyingTheDataFlowBetweenTeacherAndTimeTableTest" time="38.023" errors="0" timestamp="2023-05-25T17:09:22 IST" skipped="0">
  <testcase classname="com.edu.SMS.TeacherModule.VerifyingTheDataFlowBetweenTeacherAndTimeTableTest" name="createSubjectRouting" time="38.023"/>
  <system-out/>
</testsuite> <!-- com.edu.SMS.TeacherModule.VerifyingTheDataFlowBetweenTeacherAndTimeTableTest -->
