<?xml version="1.0" encoding="UTF-8"?>
<!-- Generated by org.testng.reporters.JUnitReportReporter -->
<testsuite hostname="DESKTOP-BP0PLMU" failures="0" tests="1" name="com.edu.SMS.SubjectModule.CreateStudentMapTest" time="17.823" errors="0" timestamp="2023-05-25T15:12:40 IST" skipped="0">
  <testcase classname="com.edu.SMS.SubjectModule.CreateStudentMapTest" name="createStudent" time="17.823"/>
  <system-out/>
</testsuite> <!-- com.edu.SMS.SubjectModule.CreateStudentMapTest -->
