<?xml version="1.0" encoding="UTF-8"?>
<!-- Generated by org.testng.reporters.JUnitReportReporter -->
<testsuite hostname="DESKTOP-BP0PLMU" failures="0" tests="1" name="kalpanaMam.CosmoCode" time="10.925" errors="0" timestamp="2023-07-05T15:08:51 IST" skipped="0">
  <testcase classname="kalpanaMam.CosmoCode" name="launchApplication" time="10.925"/>
  <system-out/>
</testsuite> <!-- kalpanaMam.CosmoCode -->
