<?xml version="1.0" encoding="UTF-8"?>
<!-- Generated by org.testng.reporters.JUnitReportReporter -->
<testsuite hostname="DESKTOP-BP0PLMU" failures="0" tests="1" name="com.edu.SMS.SubjectRoutingModuleTest.VerifySubjectRoutingWithValidInputTest" time="35.374" errors="0" timestamp="2023-05-31T13:31:57 IST" skipped="0">
  <testcase classname="com.edu.SMS.SubjectRoutingModuleTest.VerifySubjectRoutingWithValidInputTest" name="createAndEditSubjectRouting" time="35.374"/>
  <system-out>
    <![CDATA[Teacher created successfully
grade created successfully
subject created successfully
subject routing added successfully]]>
  </system-out>
</testsuite> <!-- com.edu.SMS.SubjectRoutingModuleTest.VerifySubjectRoutingWithValidInputTest -->
