<?xml version="1.0" encoding="UTF-8"?>
<!-- Generated by org.testng.reporters.JUnitReportReporter -->
<testsuite hostname="DESKTOP-BP0PLMU" failures="0" tests="8" name="testNGPractice.Practice" time="0.035" errors="0" timestamp="2023-05-23T22:05:43 IST" skipped="0">
  <testcase classname="testNGPractice.Practice" name="readDataFrom4x5" time="0.003"/>
  <system-out/>
  <testcase classname="testNGPractice.Practice" name="readDataFrom4x4" time="0.002"/>
  <system-out/>
  <testcase classname="testNGPractice.Practice" name="readDataFrom4x4" time="0.004"/>
  <system-out/>
  <testcase classname="testNGPractice.Practice" name="readDataFrom4x4" time="0.001"/>
  <system-out/>
  <testcase classname="testNGPractice.Practice" name="readDataFrom4x5" time="0.005"/>
  <system-out/>
  <testcase classname="testNGPractice.Practice" name="readDataFrom4x4" time="0.011"/>
  <system-out/>
  <testcase classname="testNGPractice.Practice" name="readDataFrom4x5" time="0.002"/>
  <system-out/>
  <testcase classname="testNGPractice.Practice" name="readDataFrom4x5" time="0.007"/>
  <system-out/>
</testsuite> <!-- testNGPractice.Practice -->
