<?xml version="1.0" encoding="UTF-8"?>
<!-- Generated by org.testng.reporters.JUnitReportReporter -->
<testsuite hostname="DESKTOP-BP0PLMU" failures="0" tests="1" name="com.edu.SMS.SubjectModuleTest.EditStudentTest" time="33.699" errors="0" timestamp="2023-05-31T13:29:53 IST" skipped="0">
  <testcase classname="com.edu.SMS.SubjectModuleTest.EditStudentTest" name="createAndEditStudent" time="33.699"/>
  <system-out>
    <![CDATA[student added successfully
student details edited successfully]]>
  </system-out>
</testsuite> <!-- com.edu.SMS.SubjectModuleTest.EditStudentTest -->
