<?xml version="1.0" encoding="UTF-8"?>
<!-- Generated by org.testng.reporters.JUnitReportReporter -->
<testsuite hostname="DESKTOP-BP0PLMU" failures="0" tests="1" name="com.edu.SMS.PettyCashModuleTest.DataFlowOfPettyCashFromAdminLoginToTeacherLoginTest" time="50.514" errors="0" timestamp="2023-05-31T13:05:31 IST" skipped="0">
  <testcase classname="com.edu.SMS.PettyCashModuleTest.DataFlowOfPettyCashFromAdminLoginToTeacherLoginTest" name="CreateTeacher" time="50.514"/>
  <system-out>
    <![CDATA[Teacher created successfully
pettycash request created successfully
Petty cash is approved]]>
  </system-out>
</testsuite> <!-- com.edu.SMS.PettyCashModuleTest.DataFlowOfPettyCashFromAdminLoginToTeacherLoginTest -->
