<?xml version="1.0" encoding="UTF-8"?>
<!-- Generated by org.testng.reporters.JUnitReportReporter -->
<testsuite hostname="DESKTOP-BP0PLMU" failures="0" tests="14" name="testNGPractice.DataPtoviderExcelPractice" time="0.054" errors="0" timestamp="2023-05-24T13:08:59 IST" skipped="0">
  <testcase classname="testNGPractice.DataPtoviderExcelPractice" name="displayData1" time="0.003"/>
  <system-out/>
  <testcase classname="testNGPractice.DataPtoviderExcelPractice" name="displayData" time="0.004"/>
  <system-out/>
  <testcase classname="testNGPractice.DataPtoviderExcelPractice" name="displayData2" time="0.008"/>
  <system-out/>
  <testcase classname="testNGPractice.DataPtoviderExcelPractice" name="displayData" time="0.003"/>
  <system-out/>
  <testcase classname="testNGPractice.DataPtoviderExcelPractice" name="displayData1" time="0.004"/>
  <system-out/>
  <testcase classname="testNGPractice.DataPtoviderExcelPractice" name="displayData1" time="0.004"/>
  <system-out/>
  <testcase classname="testNGPractice.DataPtoviderExcelPractice" name="displayData1" time="0.004"/>
  <system-out/>
  <testcase classname="testNGPractice.DataPtoviderExcelPractice" name="displayData2" time="0.001"/>
  <system-out/>
  <testcase classname="testNGPractice.DataPtoviderExcelPractice" name="displayData2" time="0.002"/>
  <system-out/>
  <testcase classname="testNGPractice.DataPtoviderExcelPractice" name="displayData2" time="0.002"/>
  <system-out/>
  <testcase classname="testNGPractice.DataPtoviderExcelPractice" name="displayData" time="0.011"/>
  <system-out/>
  <testcase classname="testNGPractice.DataPtoviderExcelPractice" name="displayData" time="0.001"/>
  <system-out/>
  <testcase classname="testNGPractice.DataPtoviderExcelPractice" name="displayData2" time="0.004"/>
  <system-out/>
  <testcase classname="testNGPractice.DataPtoviderExcelPractice" name="displayData1" time="0.003"/>
  <system-out/>
</testsuite> <!-- testNGPractice.DataPtoviderExcelPractice -->
