<?xml version="1.0" encoding="UTF-8"?>
<!-- Generated by org.testng.reporters.JUnitReportReporter -->
<testsuite hostname="DESKTOP-BP0PLMU" failures="0" tests="1" name="com.edu.SMS.PettyCashModuleTest.DataFlowOfPettyCashFromTeacherLoginToAdminLoginTest" time="33.962" errors="0" timestamp="2023-05-31T13:09:08 IST" skipped="0">
  <testcase classname="com.edu.SMS.PettyCashModuleTest.DataFlowOfPettyCashFromTeacherLoginToAdminLoginTest" name="CreateTeacher" time="33.962"/>
  <system-out>
    <![CDATA[Teacher created successfully
pettycash request created successfully
petty cash request displayed in admin login successfully]]>
  </system-out>
</testsuite> <!-- com.edu.SMS.PettyCashModuleTest.DataFlowOfPettyCashFromTeacherLoginToAdminLoginTest -->
