<?xml version="1.0" encoding="UTF-8"?>
<!-- Generated by org.testng.reporters.JUnitReportReporter -->
<testsuite hostname="DESKTOP-BP0PLMU" failures="0" tests="1" name="kalpanaMam.ReadDataFromExcel" time="1.322" errors="0" timestamp="2023-07-05T16:16:40 IST" skipped="0">
  <testcase classname="kalpanaMam.ReadDataFromExcel" name="printing" time="1.322"/>
  <system-out/>
</testsuite> <!-- kalpanaMam.ReadDataFromExcel -->
