<?xml version="1.0" encoding="UTF-8"?>
<!-- Generated by org.testng.reporters.JUnitReportReporter -->
<testsuite hostname="DESKTOP-BP0PLMU" failures="0" tests="1" name="com.edu.SMS.TimeTableModuleTest.DataFlowOfTimeTableFromAdminToTeacherTest" time="50.011" errors="0" timestamp="2023-05-31T13:34:03 IST" skipped="0">
  <testcase classname="com.edu.SMS.TimeTableModuleTest.DataFlowOfTimeTableFromAdminToTeacherTest" name="createTimeTable" time="50.011"/>
  <system-out>
    <![CDATA[Teacher created successfully
grade created successfully
subject created successfully
subject routing added successfully
class room created successfully
Teacher added to time table successfully
time table assigned to the teacher successfully]]>
  </system-out>
</testsuite> <!-- com.edu.SMS.TimeTableModuleTest.DataFlowOfTimeTableFromAdminToTeacherTest -->
