<?xml version="1.0" encoding="UTF-8"?>
<!-- Generated by org.testng.reporters.JUnitReportReporter -->
<testsuite hostname="DESKTOP-BP0PLMU" failures="0" tests="1" name="kalpanaMam.WebTablePractice" time="49.931" errors="0" timestamp="2023-07-07T11:33:11 IST" skipped="0">
  <testcase classname="kalpanaMam.WebTablePractice" name="getText" time="49.931"/>
  <system-out/>
</testsuite> <!-- kalpanaMam.WebTablePractice -->
