<?xml version="1.0" encoding="UTF-8"?>
<!-- Generated by org.testng.reporters.JUnitReportReporter -->
<testsuite hostname="DESKTOP-BP0PLMU" failures="0" tests="1" name="com.edu.SMS.SubjectRoutingModuleTest.EditSujectRoutingTest" time="36.436" errors="0" timestamp="2023-05-31T13:31:06 IST" skipped="0">
  <testcase classname="com.edu.SMS.SubjectRoutingModuleTest.EditSujectRoutingTest" name="createAndEditSubjectRouting" time="36.436"/>
  <system-out>
    <![CDATA[Teacher created successfully
grade created successfully
subject created successfully
subject routing added successfully
Subject routing edited successfully]]>
  </system-out>
</testsuite> <!-- com.edu.SMS.SubjectRoutingModuleTest.EditSujectRoutingTest -->
