<?xml version="1.0" encoding="UTF-8"?>
<!-- Generated by org.testng.reporters.JUnitReportReporter -->
<testsuite hostname="DESKTOP-BP0PLMU" failures="0" tests="12" name="testNGPractice.DataProviderSample" time="0.059" errors="0" timestamp="2023-05-23T21:47:57 IST" skipped="0">
  <testcase classname="testNGPractice.DataProviderSample" name="getData" time="0.001"/>
  <system-out/>
  <testcase classname="testNGPractice.DataProviderSample" name="getDatafrom4x5" time="0.002"/>
  <system-out/>
  <testcase classname="testNGPractice.DataProviderSample" name="getDatafrom3x2" time="0.010"/>
  <system-out/>
  <testcase classname="testNGPractice.DataProviderSample" name="getDatafrom4x5" time="0.003"/>
  <system-out/>
  <testcase classname="testNGPractice.DataProviderSample" name="getDatafrom4x5" time="0.005"/>
  <system-out/>
  <testcase classname="testNGPractice.DataProviderSample" name="getDatafrom3x3" time="0.003"/>
  <system-out/>
  <testcase classname="testNGPractice.DataProviderSample" name="getDatafrom3x3" time="0.004"/>
  <system-out/>
  <testcase classname="testNGPractice.DataProviderSample" name="getDatafrom3x2" time="0.003"/>
  <system-out/>
  <testcase classname="testNGPractice.DataProviderSample" name="getDatafrom3x3" time="0.003"/>
  <system-out/>
  <testcase classname="testNGPractice.DataProviderSample" name="getDatafrom4x5" time="0.009"/>
  <system-out/>
  <testcase classname="testNGPractice.DataProviderSample" name="getDatafrom3x2" time="0.003"/>
  <system-out/>
  <testcase classname="testNGPractice.DataProviderSample" name="getData" time="0.013"/>
  <system-out/>
</testsuite> <!-- testNGPractice.DataProviderSample -->
