<?xml version="1.0" encoding="UTF-8"?>
<!-- Generated by org.testng.reporters.JUnitReportReporter -->
<testsuite hostname="DESKTOP-BP0PLMU" failures="0" tests="1" name="com.edu.SMS.SubjectRoutingModule.VerifySubjectRoutingWithValidInputTest" time="27.730" errors="0" timestamp="2023-05-25T17:07:40 IST" skipped="0">
  <testcase classname="com.edu.SMS.SubjectRoutingModule.VerifySubjectRoutingWithValidInputTest" name="createAndEditSubjectRouting" time="27.730"/>
  <system-out/>
</testsuite> <!-- com.edu.SMS.SubjectRoutingModule.VerifySubjectRoutingWithValidInputTest -->
