<?xml version="1.0" encoding="UTF-8"?>
<!-- Generated by org.testng.reporters.JUnitReportReporter -->
<testsuite hostname="DESKTOP-BP0PLMU" failures="0" tests="1" name="com.edu.SMS.SubjectModule.EditStudentTest" time="27.546" errors="0" timestamp="2023-05-25T15:25:21 IST" skipped="0">
  <testcase classname="com.edu.SMS.SubjectModule.EditStudentTest" name="createAndEditStudent" time="27.546"/>
  <system-out/>
</testsuite> <!-- com.edu.SMS.SubjectModule.EditStudentTest -->
