<?xml version="1.0" encoding="UTF-8"?>
<!-- Generated by org.testng.reporters.JUnitReportReporter -->
<testsuite hostname="DESKTOP-BP0PLMU" failures="0" tests="3" name="dataProviderPractice.DataPtoviderExcelPractice" time="0.000" errors="0" timestamp="2023-05-31T14:52:59 IST" skipped="3">
  <testcase classname="dataProviderPractice.DataPtoviderExcelPractice" name="displayData1" time="0.000">
    <skipped/>
  </testcase> <!-- displayData1 -->
  <system-out/>
  <testcase classname="dataProviderPractice.DataPtoviderExcelPractice" name="displayData2" time="0.000">
    <skipped/>
  </testcase> <!-- displayData2 -->
  <system-out/>
  <testcase classname="dataProviderPractice.DataPtoviderExcelPractice" name="displayData" time="0.000">
    <skipped/>
  </testcase> <!-- displayData -->
  <system-out/>
</testsuite> <!-- dataProviderPractice.DataPtoviderExcelPractice -->
